2017-04-26 14:14:53 [33@F-INFO-PC-005]
0 segundo for "Migration Classname : Migration" @ 2017-04-26 14:14:54 [33@F-INFO-PC-005]
1 segundo for "Update of plugin FusionInventory" @ 2017-04-26 14:14:54 [33@F-INFO-PC-005]
0 segundo for "Alteração de layout do banco de dados - glpi_plugin_fusioninventory_agents" @ 2017-04-26 14:15:13 [33@F-INFO-PC-005]
19 segundos for "Alteração de layout do banco de dados - glpi_plugin_fusioninventory_agentmodules" @ 2017-04-26 14:15:13 [33@F-INFO-PC-005]
0 segundo for "Alteração de layout do banco de dados - glpi_plugin_fusioninventory_configs" @ 2017-04-26 14:15:13 [33@F-INFO-PC-005]
0 segundo for "Alteração de layout do banco de dados - glpi_plugin_fusioninventory_entities" @ 2017-04-26 14:15:14 [33@F-INFO-PC-005]
1 segundo for "Alteração de layout do banco de dados - glpi_plugin_fusioninventory_locks" @ 2017-04-26 14:15:14 [33@F-INFO-PC-005]
0 segundo for "Alteração de layout do banco de dados - glpi_plugin_fusioninventory_ignoredimportdevices" @ 2017-04-26 14:15:14 [33@F-INFO-PC-005]
0 segundo for "Alteração de layout do banco de dados - glpi_plugin_fusioninventory_rulematchedlogs" @ 2017-04-26 14:15:15 [33@F-INFO-PC-005]
1 segundo for "Alteração de layout do banco de dados - glpi_plugin_fusioninventory_unmanageds" @ 2017-04-26 14:15:15 [33@F-INFO-PC-005]
0 segundo for "Alteração de layout do banco de dados - glpi_plugin_fusioninventory_inventorycomputercriterias" @ 2017-04-26 14:15:15 [33@F-INFO-PC-005]
0 segundo for "Alteração de layout do banco de dados - glpi_plugin_fusioninventory_inventorycomputerblacklists" @ 2017-04-26 14:15:15 [33@F-INFO-PC-005]
0 segundo for "Alteração de layout do banco de dados - glpi_plugin_fusioninventory_inventorycomputerbatteries" @ 2017-04-26 14:15:15 [33@F-INFO-PC-005]
0 segundo for "Alteração de layout do banco de dados - glpi_plugin_fusioninventory_inventorycomputerchemistries" @ 2017-04-26 14:15:16 [33@F-INFO-PC-005]
1 segundo for "Alteração de layout do banco de dados - glpi_plugin_fusioninventory_inventorycomputercomputers" @ 2017-04-26 14:15:16 [33@F-INFO-PC-005]
0 segundo for "Alteração de layout do banco de dados - glpi_plugin_fusioninventory_inventorycomputerstorages" @ 2017-04-26 14:15:17 [33@F-INFO-PC-005]
1 segundo for "Alteração de layout do banco de dados - glpi_plugin_fusioninventory_inventorycomputerstoragetypes" @ 2017-04-26 14:15:17 [33@F-INFO-PC-005]
0 segundo for "Alteração de layout do banco de dados - glpi_plugin_fusioninventory_inventorycomputerstorages_storages" @ 2017-04-26 14:15:17 [33@F-INFO-PC-005]
0 segundo for "Alteração de layout do banco de dados - glpi_plugin_fusioninventory_computerlicenseinfos" @ 2017-04-26 14:15:17 [33@F-INFO-PC-005]
0 segundo for "Alteração de layout do banco de dados - glpi_plugin_fusioninventory_computerremotemanagements" @ 2017-04-26 14:15:17 [33@F-INFO-PC-005]
0 segundo for "Alteração de layout do banco de dados - glpi_plugin_fusioninventory_computeroperatingsystems" @ 2017-04-26 14:15:18 [33@F-INFO-PC-005]
1 segundo for "Alteração de layout do banco de dados - glpi_plugin_fusioninventory_computeroskernelnames" @ 2017-04-26 14:15:18 [33@F-INFO-PC-005]
0 segundo for "Alteração de layout do banco de dados - glpi_plugin_fusioninventory_computeroskernelversions" @ 2017-04-26 14:15:18 [33@F-INFO-PC-005]
0 segundo for "Alteração de layout do banco de dados - glpi_plugin_fusioninventory_computeroperatingsystemeditions" @ 2017-04-26 14:15:18 [33@F-INFO-PC-005]
0 segundo for "Alteração de layout do banco de dados - glpi_plugin_fusioninventory_dblockinventorynames" @ 2017-04-26 14:15:18 [33@F-INFO-PC-005]
0 segundo for "Alteração de layout do banco de dados - glpi_plugin_fusioninventory_dblockinventories" @ 2017-04-26 14:15:18 [33@F-INFO-PC-005]
0 segundo for "Alteração de layout do banco de dados - glpi_plugin_fusioninventory_dblocksoftwares" @ 2017-04-26 14:15:18 [33@F-INFO-PC-005]
0 segundo for "Alteração de layout do banco de dados - glpi_plugin_fusioninventory_dblocksoftwareversions" @ 2017-04-26 14:15:19 [33@F-INFO-PC-005]
1 segundo for "Alteração de layout do banco de dados - glpi_plugin_fusioninventory_taskjobs" @ 2017-04-26 14:15:19 [33@F-INFO-PC-005]
0 segundo for "Alteração de layout do banco de dados - glpi_plugin_fusioninventory_ipranges" @ 2017-04-26 14:15:20 [33@F-INFO-PC-005]
1 segundo for "Alteração de layout do banco de dados - glpi_plugin_fusioninventory_ipranges_configsecurities" @ 2017-04-26 14:15:20 [33@F-INFO-PC-005]
0 segundo for "Alteração de layout do banco de dados - glpi_plugin_fusioninventory_configlogfields" @ 2017-04-26 14:15:20 [33@F-INFO-PC-005]
0 segundo for "Alteração de layout do banco de dados - glpi_plugin_fusioninventory_networkportconnectionlogs" @ 2017-04-26 14:15:20 [33@F-INFO-PC-005]
0 segundo for "Alteração de layout do banco de dados - glpi_plugin_fusioninventory_networkporttypes" @ 2017-04-26 14:15:21 [33@F-INFO-PC-005]
1 segundo for "Alteração de layout do banco de dados - glpi_plugin_fusioninventory_networkports" @ 2017-04-26 14:15:21 [33@F-INFO-PC-005]
0 segundo for "Alteração de layout do banco de dados - glpi_plugin_fusioninventory_networkportlogs" @ 2017-04-26 14:15:21 [33@F-INFO-PC-005]
0 segundo for "Alteração de layout do banco de dados - glpi_plugin_fusioninventory_printers" @ 2017-04-26 14:15:22 [33@F-INFO-PC-005]
1 segundo for "Alteração de layout do banco de dados - glpi_plugin_fusioninventory_printerlogs" @ 2017-04-26 14:15:22 [33@F-INFO-PC-005]
0 segundo for "Alteração de layout do banco de dados - glpi_plugin_fusioninventory_printercartridges" @ 2017-04-26 14:15:22 [33@F-INFO-PC-005]
0 segundo for "Clean printers" @ 2017-04-26 14:15:22 [33@F-INFO-PC-005]
0 segundo for "Alteração de layout do banco de dados - glpi_plugin_fusioninventory_networkequipments" @ 2017-04-26 14:15:23 [33@F-INFO-PC-005]
1 segundo for "Alteração de layout do banco de dados - glpi_plugin_fusioninventory_configsecurities" @ 2017-04-26 14:15:23 [33@F-INFO-PC-005]
0 segundo for "Alteração de layout do banco de dados - glpi_plugin_fusioninventory_statediscoveries" @ 2017-04-26 14:15:23 [33@F-INFO-PC-005]
0 segundo for "Alteração de layout do banco de dados - glpi_plugin_fusioninventory_mappings" @ 2017-04-26 14:15:24 [33@F-INFO-PC-005]
1 segundo for "Alteração de layout do banco de dados - glpi_plugin_fusioninventory_deployfiles" @ 2017-04-26 14:15:24 [33@F-INFO-PC-005]
0 segundo for "Alteração de layout do banco de dados - glpi_plugin_fusioninventory_deployfiles" @ 2017-04-26 14:15:24 [33@F-INFO-PC-005]
0 segundo for "Alteração de layout do banco de dados - glpi_plugin_fusioninventory_deploypackages" @ 2017-04-26 14:15:24 [33@F-INFO-PC-005]
0 segundo for "Alteração de layout do banco de dados - glpi_plugin_fusioninventory_deploypackages_entities" @ 2017-04-26 14:15:25 [33@F-INFO-PC-005]
1 segundo for "Alteração de layout do banco de dados - glpi_plugin_fusioninventory_deploypackages_groups" @ 2017-04-26 14:15:25 [33@F-INFO-PC-005]
0 segundo for "Alteração de layout do banco de dados - glpi_plugin_fusioninventory_deploypackages_profiles" @ 2017-04-26 14:15:25 [33@F-INFO-PC-005]
0 segundo for "Alteração de layout do banco de dados - glpi_plugin_fusioninventory_deploypackages_users" @ 2017-04-26 14:15:25 [33@F-INFO-PC-005]
0 segundo for "Alteração de layout do banco de dados - glpi_plugin_fusioninventory_deploymirrors" @ 2017-04-26 14:15:25 [33@F-INFO-PC-005]
0 segundo for "Alteração de layout do banco de dados - glpi_plugin_fusioninventory_deploygroups" @ 2017-04-26 14:15:25 [33@F-INFO-PC-005]
0 segundo for "Alteração de layout do banco de dados - glpi_plugin_fusioninventory_deploygroups_staticdatas" @ 2017-04-26 14:15:25 [33@F-INFO-PC-005]
0 segundo for "Alteração de layout do banco de dados - glpi_plugin_fusioninventory_deploygroups_staticdatas" @ 2017-04-26 14:15:25 [33@F-INFO-PC-005]
0 segundo for "Alteração de layout do banco de dados - glpi_plugin_fusioninventory_deploygroups_staticdatas" @ 2017-04-26 14:15:25 [33@F-INFO-PC-005]
0 segundo for "Alteração de layout do banco de dados - glpi_plugin_fusioninventory_deploygroups_dynamicdatas" @ 2017-04-26 14:15:26 [33@F-INFO-PC-005]
1 segundo for "Alteração de layout do banco de dados - glpi_plugin_fusioninventory_deploygroups_dynamicdatas" @ 2017-04-26 14:15:26 [33@F-INFO-PC-005]
0 segundo for "Alteração de layout do banco de dados - glpi_plugin_fusioninventory_deploygroups_dynamicdatas" @ 2017-04-26 14:15:26 [33@F-INFO-PC-005]
0 segundo for "Alteração de layout do banco de dados - glpi_plugin_fusioninventory_credentials" @ 2017-04-26 14:15:27 [33@F-INFO-PC-005]
1 segundo for "Alteração de layout do banco de dados - glpi_plugin_fusioninventory_credentialips" @ 2017-04-26 14:15:27 [33@F-INFO-PC-005]
0 segundo for "Alteração de layout do banco de dados - glpi_plugin_fusioninventory_collects" @ 2017-04-26 14:15:27 [33@F-INFO-PC-005]
0 segundo for "Alteração de layout do banco de dados - glpi_plugin_fusioninventory_collects_registries" @ 2017-04-26 14:15:27 [33@F-INFO-PC-005]
0 segundo for "Alteração de layout do banco de dados - glpi_plugin_fusioninventory_collects_registries_contents" @ 2017-04-26 14:15:27 [33@F-INFO-PC-005]
0 segundo for "Alteração de layout do banco de dados - glpi_plugin_fusioninventory_collects_wmis" @ 2017-04-26 14:15:28 [33@F-INFO-PC-005]
1 segundo for "Alteração de layout do banco de dados - glpi_plugin_fusioninventory_collects_wmis_contents" @ 2017-04-26 14:15:28 [33@F-INFO-PC-005]
0 segundo for "Alteração de layout do banco de dados - glpi_plugin_fusioninventory_collects_files" @ 2017-04-26 14:15:28 [33@F-INFO-PC-005]
0 segundo for "Alteração de layout do banco de dados - glpi_plugin_fusioninventory_collects_files_contents" @ 2017-04-26 14:15:28 [33@F-INFO-PC-005]
0 segundo for "Alteração de layout do banco de dados - glpi_plugin_fusioninventory_tasks" @ 2017-04-26 14:15:29 [33@F-INFO-PC-005]
1 segundo for "Alteração de layout do banco de dados - glpi_plugin_fusioninventory_taskjobs" @ 2017-04-26 14:15:29 [33@F-INFO-PC-005]
0 segundo for "Alteração de layout do banco de dados - glpi_plugin_fusioninventory_taskjoblogs" @ 2017-04-26 14:15:29 [33@F-INFO-PC-005]
0 segundo for "Alteração de layout do banco de dados - glpi_plugin_fusioninventory_taskjobstates" @ 2017-04-26 14:15:29 [33@F-INFO-PC-005]
0 segundo for "Alteração de layout do banco de dados - glpi_plugin_fusioninventory_taskjobstates" @ 2017-04-26 14:15:29 [33@F-INFO-PC-005]
0 segundo for "Alteração de layout do banco de dados - glpi_plugin_fusioninventory_timeslots" @ 2017-04-26 14:15:31 [33@F-INFO-PC-005]
2 segundos for "Alteração de layout do banco de dados - glpi_plugin_fusioninventory_timeslotentries" @ 2017-04-26 14:15:31 [33@F-INFO-PC-005]
0 segundo for "Add Crontasks" @ 2017-04-26 14:15:31 [33@F-INFO-PC-005]
0 segundo for "Alteração de layout do banco de dados - glpi_plugin_fusioninventory_deploygroups_dynamicdatas" @ 